<?xml version="1.0" encoding="UTF-8"?>
<!-- Generated by org.testng.reporters.JUnitReportReporter -->
<testsuite hostname="Automation_Love" failures="0" tests="1" name="DiningEdgeAutomation.Mobile.SendOGTest" time="38.565" errors="0" timestamp="2023-02-10T16:01:39 IST" skipped="0">
  <testcase classname="DiningEdgeAutomation.Mobile.SendOGTest" name="sendOGTest_FromOrder_Guide" time="38.565"/>
  <system-out>
    <![CDATA[[2023-02-10] [16:01:08:769] User enters the userName = testauto
[2023-02-10] [16:01:10:756] User enters the password = 123456
[2023-02-10] [16:01:13:562] User clicks on the Sign In Button !!
[2023-02-10] [16:01:22:215] User clicks on the Order Edge Button!!
[2023-02-10] [16:01:27:667] User clicks on the send icon !!
[2023-02-10] [16:01:33:348] User clicks on the add unit icon !!]]>
  </system-out>
</testsuite> <!-- DiningEdgeAutomation.Mobile.SendOGTest -->
